<?xml version="1.0" encoding="UTF-8"?>
<robot generator="Robot 4.1.3 (Python 3.6.6 on win32)" generated="20220602 22:22:49.245" rpa="false" schemaversion="2">
<suite id="s1" name="Ajanvaraus" source="C:\Users\livu\ajanvaraus\ajanvaraus\test_cases\ajanvaraus.robot">
<test id="s1-t1" name="Open Terveystalo's appointment website and make an appointment">
<kw name="Given that we have a chrome browser open" library="ajanvaraus.resource">
<kw name="open headless chrome" library="headless_browser.resource">
<kw name="Evaluate" library="BuiltIn">
<var>${chrome_options}</var>
<arg>sys.modules['selenium.webdriver'].ChromeOptions()</arg>
<arg>sys, selenium.webdriver</arg>
<doc>Evaluates the given expression in Python and returns the result.</doc>
<msg timestamp="20220602 22:22:49.529" level="INFO">${chrome_options} = &lt;selenium.webdriver.chrome.options.Options object at 0x03BB3370&gt;</msg>
<status status="PASS" starttime="20220602 22:22:49.529" endtime="20220602 22:22:49.529"/>
</kw>
<kw name="Call Method" library="BuiltIn">
<arg>${chrome_options}</arg>
<arg>add_argument</arg>
<arg>--disable-extensions</arg>
<doc>Calls the named method of the given object with the provided arguments.</doc>
<status status="PASS" starttime="20220602 22:22:49.529" endtime="20220602 22:22:49.529"/>
</kw>
<kw name="Call Method" library="BuiltIn">
<arg>${chrome_options}</arg>
<arg>add_argument</arg>
<arg>--headless</arg>
<doc>Calls the named method of the given object with the provided arguments.</doc>
<status status="PASS" starttime="20220602 22:22:49.529" endtime="20220602 22:22:49.529"/>
</kw>
<kw name="Call Method" library="BuiltIn">
<arg>${chrome_options}</arg>
<arg>add_argument</arg>
<arg>--disable-gpu</arg>
<doc>Calls the named method of the given object with the provided arguments.</doc>
<status status="PASS" starttime="20220602 22:22:49.529" endtime="20220602 22:22:49.529"/>
</kw>
<kw name="Call Method" library="BuiltIn">
<arg>${chrome_options}</arg>
<arg>add_argument</arg>
<arg>--no-sandbox</arg>
<doc>Calls the named method of the given object with the provided arguments.</doc>
<status status="PASS" starttime="20220602 22:22:49.529" endtime="20220602 22:22:49.545"/>
</kw>
<kw name="Create Webdriver" library="Selenium2Library">
<arg>Chrome</arg>
<arg>chrome_options=${chrome_options}</arg>
<doc>Creates an instance of Selenium WebDriver.</doc>
<msg timestamp="20220602 22:22:49.545" level="INFO">Creating an instance of the Chrome WebDriver.</msg>
<status status="PASS" starttime="20220602 22:22:49.545" endtime="20220602 22:22:50.761"/>
</kw>
<kw name="Set Window Size" library="Selenium2Library">
<arg>1024</arg>
<arg>768</arg>
<doc>Sets current windows size to given ``width`` and ``height``.</doc>
<status status="PASS" starttime="20220602 22:22:50.761" endtime="20220602 22:22:50.893"/>
</kw>
<kw name="Maximize Browser Window" library="Selenium2Library">
<doc>Maximizes current browser window.</doc>
<status status="PASS" starttime="20220602 22:22:50.893" endtime="20220602 22:22:51.006"/>
</kw>
<status status="PASS" starttime="20220602 22:22:49.529" endtime="20220602 22:22:51.007"/>
</kw>
<status status="PASS" starttime="20220602 22:22:49.529" endtime="20220602 22:22:51.007"/>
</kw>
<kw name="when navigating to terveystalo’s appointment site" library="ajanvaraus.resource">
<kw name="Go To" library="Selenium2Library">
<arg>${url}</arg>
<doc>Navigates the current browser window to the provided ``url``.</doc>
<msg timestamp="20220602 22:22:51.009" level="INFO">Opening url 'https://ajanvaraus.terveystalo.com/fi/'</msg>
<status status="PASS" starttime="20220602 22:22:51.009" endtime="20220602 22:22:52.481"/>
</kw>
<status status="PASS" starttime="20220602 22:22:51.008" endtime="20220602 22:22:52.481"/>
</kw>
<kw name="Then we have an appointment page open and page contains correct links, texts and elements" library="ajanvaraus.resource">
<kw name="Page Should Contain" library="Selenium2Library">
<arg>${ajanvarausText}</arg>
<arg>${valitseKenelleVaraatText}</arg>
<doc>Verifies that current page contains ``text``.</doc>
<msg timestamp="20220602 22:22:52.495" level="INFO">Current page contains text 'Ajanvaraus'.</msg>
<status status="PASS" starttime="20220602 22:22:52.482" endtime="20220602 22:22:52.495"/>
</kw>
<kw name="Page Should Contain" library="Selenium2Library">
<arg>${pikalinkitText}</arg>
<arg>${hoitoaMyösEtänäText}</arg>
<doc>Verifies that current page contains ``text``.</doc>
<msg timestamp="20220602 22:22:52.510" level="INFO">Current page contains text 'Pikalinkit'.</msg>
<status status="PASS" starttime="20220602 22:22:52.495" endtime="20220602 22:22:52.510"/>
</kw>
<status status="PASS" starttime="20220602 22:22:52.481" endtime="20220602 22:22:52.510"/>
</kw>
<kw name="When we press the “Varaa aika itsellesi” button" library="ajanvaraus.resource">
<kw name="Click Element" library="Selenium2Library">
<arg>${buttonVaraaAikaItsellesi}</arg>
<doc>Click the element identified by ``locator``.</doc>
<msg timestamp="20220602 22:22:52.512" level="INFO">Clicking element 'xpath://*[@id="book-for-yourself-btn"]'.</msg>
<status status="PASS" starttime="20220602 22:22:52.511" endtime="20220602 22:22:52.578"/>
</kw>
<status status="PASS" starttime="20220602 22:22:52.511" endtime="20220602 22:22:52.579"/>
</kw>
<kw name="Then the dropdown menu opens below the button and contains correct texts on the menu buttons" library="ajanvaraus.resource">
<kw name="Element Should Contain" library="Selenium2Library">
<arg>${dropDownVaraaAikaItsellesi}</arg>
<arg>${listTextsYksitysiasiakas}</arg>
<arg>${listTextsTyöterveysasiakas}</arg>
<arg>${listTextsVakuutus}</arg>
<doc>Verifies that element ``locator`` contains text ``expected``.</doc>
<msg timestamp="20220602 22:22:52.613" level="INFO">Element 'xpath://*[@id="book-for-yourself-content"]' contains text 'Yksityisasiakas'.</msg>
<status status="PASS" starttime="20220602 22:22:52.580" endtime="20220602 22:22:52.613"/>
</kw>
<status status="PASS" starttime="20220602 22:22:52.579" endtime="20220602 22:22:52.613"/>
</kw>
<kw name="When we press the “Yksityisasiakas” button" library="ajanvaraus.resource">
<kw name="Click Element" library="Selenium2Library">
<arg>${yksityisasiakasButton}</arg>
<doc>Click the element identified by ``locator``.</doc>
<msg timestamp="20220602 22:22:52.615" level="INFO">Clicking element 'xpath:/html/body/div[1]/div/main/div[1]/div/div/div[1]/div/div/ul/li[1]/a'.</msg>
<status status="PASS" starttime="20220602 22:22:52.614" endtime="20220602 22:22:52.758"/>
</kw>
<status status="PASS" starttime="20220602 22:22:52.614" endtime="20220602 22:22:52.758"/>
</kw>
<kw name="Then we have moved to a private customer appointment site and page contains correct links and elements" library="ajanvaraus.resource">
<kw name="Wait Until Element Is Visible" library="Selenium2Library">
<arg>${inputPalveluTaiAsiantuntijanNimi}</arg>
<doc>Waits until the element ``locator`` is visible.</doc>
<status status="PASS" starttime="20220602 22:22:52.759" endtime="20220602 22:22:53.019"/>
</kw>
<kw name="Wait Until Element Is Visible" library="Selenium2Library">
<arg>${doctorsListElement}</arg>
<doc>Waits until the element ``locator`` is visible.</doc>
<status status="PASS" starttime="20220602 22:22:53.019" endtime="20220602 22:22:53.039"/>
</kw>
<kw name="Get Value" library="Selenium2Library">
<var>${inputServicePlaceHolder}</var>
<arg>${inputPalveluTaiAsiantuntijanNimi}</arg>
<doc>Returns the value attribute of the element identified by ``locator``.</doc>
<msg timestamp="20220602 22:22:53.051" level="INFO">${inputServicePlaceHolder} = Yleislääkäri</msg>
<status status="PASS" starttime="20220602 22:22:53.039" endtime="20220602 22:22:53.051"/>
</kw>
<kw name="Should Be Equal" library="BuiltIn">
<arg>${inputServicePlaceHolder}</arg>
<arg>${inputValueYleislääkäri}</arg>
<doc>Fails if the given objects are unequal.</doc>
<status status="PASS" starttime="20220602 22:22:53.052" endtime="20220602 22:22:53.052"/>
</kw>
<kw name="Sleep" library="BuiltIn">
<arg>8s</arg>
<doc>Pauses the test executed for the given time.</doc>
<msg timestamp="20220602 22:23:01.067" level="INFO">Slept 8 seconds</msg>
<status status="PASS" starttime="20220602 22:22:53.052" endtime="20220602 22:23:01.068"/>
</kw>
<kw name="Get Value" library="Selenium2Library">
<var>${inputLocationPlaceHolder}</var>
<arg>${inputToimipaikka}</arg>
<doc>Returns the value attribute of the element identified by ``locator``.</doc>
<msg timestamp="20220602 22:23:01.103" level="INFO">${inputLocationPlaceHolder} = Helsinki</msg>
<status status="PASS" starttime="20220602 22:23:01.069" endtime="20220602 22:23:01.103"/>
</kw>
<kw name="Should Be Equal" library="BuiltIn">
<arg>${inputLocationPlaceHolder}</arg>
<arg>${inputValueHelsinki}</arg>
<doc>Fails if the given objects are unequal.</doc>
<status status="PASS" starttime="20220602 22:23:01.104" endtime="20220602 22:23:01.104"/>
</kw>
<kw name="Evaluate" library="BuiltIn">
<var>${currentDay}</var>
<arg>'{dt.day}.{dt.month}.'.format(dt=datetime.datetime.now())</arg>
<arg>modules=datetime</arg>
<doc>Evaluates the given expression in Python and returns the result.</doc>
<msg timestamp="20220602 22:23:01.105" level="INFO">${currentDay} = 2.6.</msg>
<status status="PASS" starttime="20220602 22:23:01.104" endtime="20220602 22:23:01.105"/>
</kw>
<kw name="Page Should Contain" library="Selenium2Library">
<arg>Palvelu tai asiantuntijan nimi</arg>
<arg>Toimipaikka, kaupunki tai etävastaanotto</arg>
<doc>Verifies that current page contains ``text``.</doc>
<msg timestamp="20220602 22:23:01.119" level="INFO">Current page contains text 'Palvelu tai asiantuntijan nimi'.</msg>
<status status="PASS" starttime="20220602 22:23:01.105" endtime="20220602 22:23:01.119"/>
</kw>
<kw name="Page Should Contain" library="Selenium2Library">
<arg>Yleislääkäri</arg>
<doc>Verifies that current page contains ``text``.</doc>
<msg timestamp="20220602 22:23:01.132" level="INFO">Current page contains text 'Yleislääkäri'.</msg>
<status status="PASS" starttime="20220602 22:23:01.119" endtime="20220602 22:23:01.132"/>
</kw>
<kw name="Page Should Contain" library="Selenium2Library">
<arg>Aikaisintaan klo</arg>
<arg>Viimeistään klo</arg>
<doc>Verifies that current page contains ``text``.</doc>
<msg timestamp="20220602 22:23:01.142" level="INFO">Current page contains text 'Aikaisintaan klo'.</msg>
<status status="PASS" starttime="20220602 22:23:01.132" endtime="20220602 22:23:01.142"/>
</kw>
<kw name="Wait Until Page Contains" library="Selenium2Library">
<arg>Tänään ${currentDay}</arg>
<doc>Waits until ``text`` appears on the current page.</doc>
<status status="PASS" starttime="20220602 22:23:01.143" endtime="20220602 22:23:05.235"/>
</kw>
<status status="PASS" starttime="20220602 22:22:52.758" endtime="20220602 22:23:05.235"/>
</kw>
<kw name=" When we select current date from calendar and &quot;from&quot; and &quot;to&quot; times" library="ajanvaraus.resource">
<kw name="Get Current Date" library="DateTime">
<var>${currentDay}</var>
<doc>Returns current local or UTC time with an optional increment.</doc>
<msg timestamp="20220602 22:23:05.236" level="INFO">${currentDay} = 2022-06-02 22:23:05.236</msg>
<status status="PASS" starttime="20220602 22:23:05.236" endtime="20220602 22:23:05.236"/>
</kw>
<kw name="Add Time To Date" library="DateTime">
<var>${selectedBookingDate}</var>
<arg>${currentDay}</arg>
<arg>1 days</arg>
<doc>Adds time to date and returns the resulting date.</doc>
<msg timestamp="20220602 22:23:05.239" level="INFO">${selectedBookingDate} = 2022-06-03 22:23:05.236</msg>
<status status="PASS" starttime="20220602 22:23:05.236" endtime="20220602 22:23:05.239"/>
</kw>
<kw name="Fetch From Left" library="String">
<var>${formatDate}</var>
<arg>${selectedBookingDate}</arg>
<arg>${SPACE}</arg>
<doc>Returns contents of the ``string`` before the first occurrence of ``marker``.</doc>
<msg timestamp="20220602 22:23:05.239" level="INFO">${formatDate} = 2022-06-03</msg>
<status status="PASS" starttime="20220602 22:23:05.239" endtime="20220602 22:23:05.239"/>
</kw>
<kw name="Log" library="BuiltIn">
<arg>${selectedBookingDate}</arg>
<doc>Logs the given message with the given level.</doc>
<msg timestamp="20220602 22:23:05.239" level="INFO">2022-06-03 22:23:05.236</msg>
<status status="PASS" starttime="20220602 22:23:05.239" endtime="20220602 22:23:05.239"/>
</kw>
<kw name="Set Variable" library="BuiltIn">
<var>${tomorrow}</var>
<arg>xpath://*[@id="${formatDate}"]</arg>
<doc>Returns the given values which can then be assigned to a variables.</doc>
<msg timestamp="20220602 22:23:05.240" level="INFO">${tomorrow} = xpath://*[@id="2022-06-03"]</msg>
<status status="PASS" starttime="20220602 22:23:05.239" endtime="20220602 22:23:05.240"/>
</kw>
<kw name="Execute Javascript" library="Selenium2Library">
<arg>window.scrollTo(0, document.body.scrollHeight)</arg>
<doc>Executes the given JavaScript code with possible arguments.</doc>
<msg timestamp="20220602 22:23:05.241" level="INFO">Executing JavaScript:
window.scrollTo(0, document.body.scrollHeight)
Without any arguments.</msg>
<status status="PASS" starttime="20220602 22:23:05.240" endtime="20220602 22:23:05.245"/>
</kw>
<kw name="Click Element" library="Selenium2Library">
<arg>${tomorrow}</arg>
<doc>Click the element identified by ``locator``.</doc>
<msg timestamp="20220602 22:23:05.246" level="INFO">Clicking element 'xpath://*[@id="2022-06-03"]'.</msg>
<status status="PASS" starttime="20220602 22:23:05.246" endtime="20220602 22:23:05.383"/>
</kw>
<kw name="Set Variable" library="BuiltIn">
<var>${newId}</var>
<arg>8</arg>
<doc>Returns the given values which can then be assigned to a variables.</doc>
<msg timestamp="20220602 22:23:05.384" level="INFO">${newId} = 8</msg>
<status status="PASS" starttime="20220602 22:23:05.384" endtime="20220602 22:23:05.384"/>
</kw>
<kw name="Assign Id To Element" library="Selenium2Library">
<arg>${fromTimeInput}</arg>
<arg>${newId}</arg>
<doc>Assigns a temporary ``id`` to the element specified by ``locator``.</doc>
<msg timestamp="20220602 22:23:05.385" level="INFO">Assigning temporary id '8' to element 'xpath://*[@id="fromTime"]'.</msg>
<status status="PASS" starttime="20220602 22:23:05.384" endtime="20220602 22:23:05.399"/>
</kw>
<kw name="Sleep" library="BuiltIn">
<arg>5s</arg>
<doc>Pauses the test executed for the given time.</doc>
<msg timestamp="20220602 22:23:10.409" level="INFO">Slept 5 seconds</msg>
<status status="PASS" starttime="20220602 22:23:05.399" endtime="20220602 22:23:10.409"/>
</kw>
<kw name="Press Keys" library="Selenium2Library">
<arg>ID:${newId}</arg>
<arg>${fromTimeToSelect}</arg>
<doc>Simulates the user pressing key(s) to an element or on the active browser.</doc>
<msg timestamp="20220602 22:23:10.409" level="INFO">Sending key(s) ('14:00',) to ID:8 element.</msg>
<msg timestamp="20220602 22:23:10.752" level="INFO">Sending keys 14:00</msg>
<status status="PASS" starttime="20220602 22:23:10.409" endtime="20220602 22:23:10.764"/>
</kw>
<kw name="Sleep" library="BuiltIn">
<arg>5s</arg>
<doc>Pauses the test executed for the given time.</doc>
<msg timestamp="20220602 22:23:15.770" level="INFO">Slept 5 seconds</msg>
<status status="PASS" starttime="20220602 22:23:10.765" endtime="20220602 22:23:15.770"/>
</kw>
<kw name="Set Variable" library="BuiltIn">
<var>${newId2}</var>
<arg>9</arg>
<doc>Returns the given values which can then be assigned to a variables.</doc>
<msg timestamp="20220602 22:23:15.773" level="INFO">${newId2} = 9</msg>
<status status="PASS" starttime="20220602 22:23:15.772" endtime="20220602 22:23:15.773"/>
</kw>
<kw name="Assign Id To Element" library="Selenium2Library">
<arg>${toTimeInput}</arg>
<arg>${newId2}</arg>
<doc>Assigns a temporary ``id`` to the element specified by ``locator``.</doc>
<msg timestamp="20220602 22:23:15.774" level="INFO">Assigning temporary id '9' to element 'xpath://*[@id="toTime"]'.</msg>
<status status="PASS" starttime="20220602 22:23:15.774" endtime="20220602 22:23:15.788"/>
</kw>
<kw name="Sleep" library="BuiltIn">
<arg>5s</arg>
<doc>Pauses the test executed for the given time.</doc>
<msg timestamp="20220602 22:23:20.799" level="INFO">Slept 5 seconds</msg>
<status status="PASS" starttime="20220602 22:23:15.789" endtime="20220602 22:23:20.800"/>
</kw>
<kw name="Press Keys" library="Selenium2Library">
<arg>ID:${newId2}</arg>
<arg>${toTimeToSelect}</arg>
<doc>Simulates the user pressing key(s) to an element or on the active browser.</doc>
<msg timestamp="20220602 22:23:20.804" level="INFO">Sending key(s) ('14:00',) to ID:9 element.</msg>
<msg timestamp="20220602 22:23:21.146" level="INFO">Sending keys 14:00</msg>
<status status="PASS" starttime="20220602 22:23:20.801" endtime="20220602 22:23:21.159"/>
</kw>
<kw name="Sleep" library="BuiltIn">
<arg>5s</arg>
<doc>Pauses the test executed for the given time.</doc>
<msg timestamp="20220602 22:23:26.160" level="INFO">Slept 5 seconds</msg>
<status status="PASS" starttime="20220602 22:23:21.159" endtime="20220602 22:23:26.160"/>
</kw>
<kw name="Capture Page Screenshot" library="Selenium2Library">
<doc>Takes a screenshot of the current page and embeds it into a log file.</doc>
<msg timestamp="20220602 22:23:26.256" level="INFO" html="true">&lt;/td&gt;&lt;/tr&gt;&lt;tr&gt;&lt;td colspan="3"&gt;&lt;a href="selenium-screenshot-15.png"&gt;&lt;img src="selenium-screenshot-15.png" width="800px"&gt;&lt;/a&gt;</msg>
<status status="PASS" starttime="20220602 22:23:26.160" endtime="20220602 22:23:26.256"/>
</kw>
<kw name="Execute Javascript" library="Selenium2Library">
<arg>window.scrollTo(700, 0)</arg>
<doc>Executes the given JavaScript code with possible arguments.</doc>
<msg timestamp="20220602 22:23:26.257" level="INFO">Executing JavaScript:
window.scrollTo(700, 0)
Without any arguments.</msg>
<status status="PASS" starttime="20220602 22:23:26.256" endtime="20220602 22:23:26.308"/>
</kw>
<kw name="Sleep" library="BuiltIn">
<arg>15s</arg>
<doc>Pauses the test executed for the given time.</doc>
<msg timestamp="20220602 22:23:41.323" level="INFO">Slept 15 seconds</msg>
<status status="PASS" starttime="20220602 22:23:26.308" endtime="20220602 22:23:41.324"/>
</kw>
<status status="PASS" starttime="20220602 22:23:05.235" endtime="20220602 22:23:41.324"/>
</kw>
<kw name=" When we select first free doctor from the list" library="ajanvaraus.resource">
<kw name="Click Element" library="Selenium2Library">
<arg>${listItemFirstFreeDoctor}</arg>
<doc>Click the element identified by ``locator``.</doc>
<msg timestamp="20220602 22:23:41.328" level="INFO">Clicking element 'xpath://html/body/div[1]/div/main/div[1]/section/ul/li[1]/a/div[2]/div'.</msg>
<status status="PASS" starttime="20220602 22:23:41.328" endtime="20220602 22:23:41.480"/>
</kw>
<status status="PASS" starttime="20220602 22:23:41.326" endtime="20220602 22:23:41.480"/>
</kw>
<kw name=" Then the page with a summary of your appointment will open" library="ajanvaraus.resource">
<kw name="Wait Until Element Is Visible" library="Selenium2Library">
<arg>${summaryBoxElement}</arg>
<doc>Waits until the element ``locator`` is visible.</doc>
<status status="PASS" starttime="20220602 22:23:41.481" endtime="20220602 22:23:41.944"/>
</kw>
<kw name="Page Should Contain" library="Selenium2Library">
<arg>Valitsemasi aika</arg>
<doc>Verifies that current page contains ``text``.</doc>
<msg timestamp="20220602 22:23:41.944" level="INFO">Current page contains text 'Valitsemasi aika'.</msg>
<status status="PASS" starttime="20220602 22:23:41.944" endtime="20220602 22:23:41.944"/>
</kw>
<kw name="Get Text" library="Selenium2Library">
<var>${checkTime}</var>
<arg>${textFieldreservedTime}</arg>
<doc>Returns the text value of the element identified by ``locator``.</doc>
<msg timestamp="20220602 22:23:41.975" level="INFO">${checkTime} = Perjantai 3.6.2022 klo 14.00</msg>
<status status="PASS" starttime="20220602 22:23:41.944" endtime="20220602 22:23:41.975"/>
</kw>
<kw name="Fetch From Right" library="String">
<var>${ourTime}</var>
<arg>${checkTime}</arg>
<arg>${SPACE}</arg>
<doc>Returns contents of the ``string`` after the last occurrence of ``marker``.</doc>
<msg timestamp="20220602 22:23:41.975" level="INFO">${ourTime} = 14.00</msg>
<status status="PASS" starttime="20220602 22:23:41.975" endtime="20220602 22:23:41.975"/>
</kw>
<kw name="Capture Page Screenshot" library="Selenium2Library">
<doc>Takes a screenshot of the current page and embeds it into a log file.</doc>
<msg timestamp="20220602 22:23:42.046" level="INFO" html="true">&lt;/td&gt;&lt;/tr&gt;&lt;tr&gt;&lt;td colspan="3"&gt;&lt;a href="selenium-screenshot-16.png"&gt;&lt;img src="selenium-screenshot-16.png" width="800px"&gt;&lt;/a&gt;</msg>
<status status="PASS" starttime="20220602 22:23:41.975" endtime="20220602 22:23:42.046"/>
</kw>
<kw name="Replace String" library="String">
<var>${formatSelectedTime}</var>
<arg>${toTimeToSelect}</arg>
<arg>:</arg>
<arg>.</arg>
<doc>Replaces ``search_for`` in the given ``string`` with ``replace_with``.</doc>
<msg timestamp="20220602 22:23:42.047" level="INFO">${formatSelectedTime} = 14.00</msg>
<status status="PASS" starttime="20220602 22:23:42.046" endtime="20220602 22:23:42.047"/>
</kw>
<kw name="Should Be True" library="BuiltIn">
<arg>'${ourTime}'=='${formatSelectedTime}'</arg>
<doc>Fails if the given condition is not true.</doc>
<status status="PASS" starttime="20220602 22:23:42.047" endtime="20220602 22:23:42.047"/>
</kw>
<status status="PASS" starttime="20220602 22:23:41.481" endtime="20220602 22:23:42.047"/>
</kw>
<status status="PASS" starttime="20220602 22:22:49.529" endtime="20220602 22:23:42.048"/>
</test>
<status status="PASS" starttime="20220602 22:22:49.245" endtime="20220602 22:23:42.050"/>
</suite>
<statistics>
<total>
<stat pass="1" fail="0" skip="0">All Tests</stat>
</total>
<tag>
</tag>
<suite>
<stat pass="1" fail="0" skip="0" id="s1" name="Ajanvaraus">Ajanvaraus</stat>
</suite>
</statistics>
<errors>
</errors>
</robot>
